<?xml version="1.0" encoding="UTF-8"?>
<!-- Generated by org.testng.reporters.JUnitXMLReporter -->
<testsuite hostname="DESKTOP-7IHRSOT" ignored="0" name="Test" tests="12" failures="0" timestamp="2021-07-11T21:34:17 IST" time="0.055" errors="0">
  <testcase name="m1" time="0.005" classname="com.qa.tests.TestDemo"/>
  <testcase name="m2" time="0.001" classname="com.qa.tests.TestDemo"/>
  <testcase name="m3" time="0.0" classname="com.qa.tests.TestDemo"/>
  <testcase name="m4" time="0.001" classname="com.qa.tests.TestDemo"/>
  <testcase name="m21" time="0.0" classname="com.qa.tests.TestDemo2"/>
  <testcase name="m22" time="0.001" classname="com.qa.tests.TestDemo2"/>
  <testcase name="m23" time="0.001" classname="com.qa.tests.TestDemo2"/>
  <testcase name="m24" time="0.001" classname="com.qa.tests.TestDemo2"/>
  <testcase name="m31" time="0.0" classname="com.qa.tests.TestDemo3"/>
  <testcase name="m32" time="0.0" classname="com.qa.tests.TestDemo3"/>
  <testcase name="m33" time="0.0" classname="com.qa.tests.TestDemo3"/>
  <testcase name="m34" time="0.0" classname="com.qa.tests.TestDemo3"/>
</testsuite> <!-- Test -->
