<?xml version="1.0" encoding="UTF-8"?>
<testng-results skipped="0" failed="0" ignored="0" total="12" passed="12">
  <reporter-output>
  </reporter-output>
  <suite name="Suite" duration-ms="55" started-at="2021-07-11T21:34:17 IST" finished-at="2021-07-11T21:34:17 IST">
    <groups>
    </groups>
    <test name="Test" duration-ms="55" started-at="2021-07-11T21:34:17 IST" finished-at="2021-07-11T21:34:17 IST">
      <class name="com.qa.tests.TestDemo">
        <test-method status="PASS" signature="m1()[pri:0, instance:com.qa.tests.TestDemo@12f41634]" name="m1" duration-ms="5" started-at="2021-07-11T21:34:17 IST" finished-at="2021-07-11T21:34:17 IST">
          <reporter-output>
          </reporter-output>
        </test-method> <!-- m1 -->
        <test-method status="PASS" signature="m2()[pri:0, instance:com.qa.tests.TestDemo@12f41634]" name="m2" duration-ms="1" started-at="2021-07-11T21:34:17 IST" finished-at="2021-07-11T21:34:17 IST">
          <reporter-output>
          </reporter-output>
        </test-method> <!-- m2 -->
        <test-method status="PASS" signature="m3()[pri:0, instance:com.qa.tests.TestDemo@12f41634]" name="m3" duration-ms="0" started-at="2021-07-11T21:34:17 IST" finished-at="2021-07-11T21:34:17 IST">
          <reporter-output>
          </reporter-output>
        </test-method> <!-- m3 -->
        <test-method status="PASS" signature="m4()[pri:0, instance:com.qa.tests.TestDemo@12f41634]" name="m4" duration-ms="1" started-at="2021-07-11T21:34:17 IST" finished-at="2021-07-11T21:34:17 IST">
          <reporter-output>
          </reporter-output>
        </test-method> <!-- m4 -->
      </class> <!-- com.qa.tests.TestDemo -->
      <class name="com.qa.tests.TestDemo3">
        <test-method status="PASS" signature="m31()[pri:0, instance:com.qa.tests.TestDemo3@4d3167f4]" name="m31" duration-ms="0" started-at="2021-07-11T21:34:17 IST" finished-at="2021-07-11T21:34:17 IST">
          <reporter-output>
          </reporter-output>
        </test-method> <!-- m31 -->
        <test-method status="PASS" signature="m32()[pri:0, instance:com.qa.tests.TestDemo3@4d3167f4]" name="m32" duration-ms="0" started-at="2021-07-11T21:34:17 IST" finished-at="2021-07-11T21:34:17 IST">
          <reporter-output>
          </reporter-output>
        </test-method> <!-- m32 -->
        <test-method status="PASS" signature="m33()[pri:0, instance:com.qa.tests.TestDemo3@4d3167f4]" name="m33" duration-ms="0" started-at="2021-07-11T21:34:17 IST" finished-at="2021-07-11T21:34:17 IST">
          <reporter-output>
          </reporter-output>
        </test-method> <!-- m33 -->
        <test-method status="PASS" signature="m34()[pri:0, instance:com.qa.tests.TestDemo3@4d3167f4]" name="m34" duration-ms="0" started-at="2021-07-11T21:34:17 IST" finished-at="2021-07-11T21:34:17 IST">
          <reporter-output>
          </reporter-output>
        </test-method> <!-- m34 -->
      </class> <!-- com.qa.tests.TestDemo3 -->
      <class name="com.qa.tests.TestDemo2">
        <test-method status="PASS" signature="m21()[pri:0, instance:com.qa.tests.TestDemo2@76a3e297]" name="m21" duration-ms="0" started-at="2021-07-11T21:34:17 IST" finished-at="2021-07-11T21:34:17 IST">
          <reporter-output>
          </reporter-output>
        </test-method> <!-- m21 -->
        <test-method status="PASS" signature="m22()[pri:0, instance:com.qa.tests.TestDemo2@76a3e297]" name="m22" duration-ms="1" started-at="2021-07-11T21:34:17 IST" finished-at="2021-07-11T21:34:17 IST">
          <reporter-output>
          </reporter-output>
        </test-method> <!-- m22 -->
        <test-method status="PASS" signature="m23()[pri:0, instance:com.qa.tests.TestDemo2@76a3e297]" name="m23" duration-ms="1" started-at="2021-07-11T21:34:17 IST" finished-at="2021-07-11T21:34:17 IST">
          <reporter-output>
          </reporter-output>
        </test-method> <!-- m23 -->
        <test-method status="PASS" signature="m24()[pri:0, instance:com.qa.tests.TestDemo2@76a3e297]" name="m24" duration-ms="1" started-at="2021-07-11T21:34:17 IST" finished-at="2021-07-11T21:34:17 IST">
          <reporter-output>
          </reporter-output>
        </test-method> <!-- m24 -->
      </class> <!-- com.qa.tests.TestDemo2 -->
    </test> <!-- Test -->
  </suite> <!-- Suite -->
</testng-results>
